<?xml version="1.0" encoding="UTF-8"?>
<!-- Generated by org.testng.reporters.JUnitReportReporter -->
<testsuite hostname="LAPTOP-TG0OKUR5" failures="0" tests="1" name="com.testcases.SignUpPageTest" time="13.383" errors="0" timestamp="2022-08-05T13:50:15 IST" skipped="0">
  <testcase classname="com.testcases.SignUpPageTest" name="validateSignUpPageTest" time="13.383"/>
  <system-out/>
</testsuite> <!-- com.testcases.SignUpPageTest -->
