<?xml version="1.0" encoding="UTF-8"?>
<!-- Generated by org.testng.reporters.JUnitReportReporter -->
<testsuite hostname="LAPTOP-TG0OKUR5" failures="0" tests="2" name="com.testcases.IndexPageTest" time="38.778" errors="0" timestamp="2022-08-01T12:38:34 IST" skipped="0">
  <testcase classname="com.testcases.IndexPageTest" name="verifyLogo" time="15.702"/>
  <system-out/>
  <testcase classname="com.testcases.IndexPageTest" name="verifyTitle" time="23.076"/>
  <system-out/>
</testsuite> <!-- com.testcases.IndexPageTest -->
